---------------------------------------------------------------
[2019-04-11T18:21:00+08:00] 127.0.0.1 GET zerg.com/getcode
[运行时间：0.502036s] [吞吐率：1.99req/s] [内存消耗：3,499.97kb] [文件加载：94]
[ info ] [ LANG ] D:\PHP\phpstudy\PHPTutorial\WWW\Zerg\thinkphp\lang\zh-cn.php
[ info ] [ ROUTE ] array (
  'rule' => 'getcode',
  'route' => 'api/Code/getCode',
  'option' => 
  array (
    'merge_rule_regex' => false,
  ),
  'var' => 
  array (
  ),
)
[ info ] [ HEADER ] array (
  'connection' => 'close',
  'accept-encoding' => 'gzip, deflate',
  'cookie' => 'PHPSESSID=fvvr9dferc89s15rnhv3tj8jqq',
  'host' => 'zerg.com',
  'accept' => '*/*',
  'user-agent' => 'PostmanRuntime/7.6.1',
  'postman-token' => '293539c1-c944-4bd9-be8d-fd790215f653',
  'cache-control' => 'no-cache',
)
[ info ] [ PARAM ] array (
  '/getcode' => '',
)
[ info ] [ DB ] INIT mysql
[ sql ] [ DB ] CONNECT:[ UseTime:0.011064s ] mysql:host=127.0.0.1;dbname=erweima;charset=utf8
[ sql ] [ SQL ] SHOW COLUMNS FROM `wx_code` [ RunTime:0.029594s ]
[ sql ] [ SQL ] INSERT INTO `wx_code` (`codeid` , `src` , `mbstr`) VALUES ('20190411780601031872' , 'http://zerg.com/qrcode/NickBb1cbbc15b93027e038c302559ab13c6eb.png' , '0ee04365c3790a9785171c1e9fd803ce') [ RunTime:0.002242s ]
[ error ] [0]模板文件不存在:D:\PHP\phpstudy\PHPTutorial\WWW\Zerg\application\api\view\code\qrcode.html[D:\PHP\phpstudy\PHPTutorial\WWW\Zerg\thinkphp\library\think\view\driver\Think.php:86]
---------------------------------------------------------------
[2019-04-11T18:22:11+08:00] 127.0.0.1 GET zerg.com/getcode
[运行时间：0.490192s] [吞吐率：2.04req/s] [内存消耗：3,581.45kb] [文件加载：93]
[ info ] [ LANG ] D:\PHP\phpstudy\PHPTutorial\WWW\Zerg\thinkphp\lang\zh-cn.php
[ info ] [ ROUTE ] array (
  'rule' => 'getcode',
  'route' => 'api/Code/getCode',
  'option' => 
  array (
    'merge_rule_regex' => false,
  ),
  'var' => 
  array (
  ),
)
[ info ] [ HEADER ] array (
  'connection' => 'close',
  'accept-encoding' => 'gzip, deflate',
  'cookie' => 'PHPSESSID=fvvr9dferc89s15rnhv3tj8jqq',
  'host' => 'zerg.com',
  'accept' => '*/*',
  'user-agent' => 'PostmanRuntime/7.6.1',
  'postman-token' => 'ad904cc5-e5ed-4ff9-8423-7527d7e83989',
  'cache-control' => 'no-cache',
)
[ info ] [ PARAM ] array (
  '/getcode' => '',
)
[ info ] [ DB ] INIT mysql
[ info ] [ VIEW ] D:\PHP\phpstudy\PHPTutorial\WWW\Zerg\application\api\view\code\qrcode.html [ array (
  0 => 'filename',
) ]
[ sql ] [ DB ] CONNECT:[ UseTime:0.001423s ] mysql:host=127.0.0.1;dbname=erweima;charset=utf8
[ sql ] [ SQL ] SHOW COLUMNS FROM `wx_code` [ RunTime:0.023451s ]
[ sql ] [ SQL ] INSERT INTO `wx_code` (`codeid` , `src` , `mbstr`) VALUES ('20190411781308249079' , 'http://zerg.com/qrcode/NickBbb69694d8dc6cdbfc30a11dd818cbeb4f.png' , '37277ffb7e0bd8a48453f98fa09a33a5') [ RunTime:0.000909s ]
---------------------------------------------------------------
[2019-04-11T18:23:02+08:00] 127.0.0.1 GET zerg.com/getcode
[运行时间：0.496302s] [吞吐率：2.01req/s] [内存消耗：3,448.50kb] [文件加载：91]
[ info ] [ LANG ] D:\PHP\phpstudy\PHPTutorial\WWW\Zerg\thinkphp\lang\zh-cn.php
[ info ] [ ROUTE ] array (
  'rule' => 'getcode',
  'route' => 'api/Code/getCode',
  'option' => 
  array (
    'merge_rule_regex' => false,
  ),
  'var' => 
  array (
  ),
)
[ info ] [ HEADER ] array (
  'connection' => 'close',
  'accept-encoding' => 'gzip, deflate',
  'cookie' => 'PHPSESSID=fvvr9dferc89s15rnhv3tj8jqq',
  'host' => 'zerg.com',
  'accept' => '*/*',
  'user-agent' => 'PostmanRuntime/7.6.1',
  'postman-token' => '3d651b1a-066e-4edf-861e-0454b49f88ed',
  'cache-control' => 'no-cache',
)
[ info ] [ PARAM ] array (
  '/getcode' => '',
)
[ info ] [ DB ] INIT mysql
[ info ] [ VIEW ] D:\PHP\phpstudy\PHPTutorial\WWW\Zerg\application\api\view\code\qrcode.html [ array (
  0 => 'filename',
) ]
[ sql ] [ DB ] CONNECT:[ UseTime:0.001507s ] mysql:host=127.0.0.1;dbname=erweima;charset=utf8
[ sql ] [ SQL ] SHOW COLUMNS FROM `wx_code` [ RunTime:0.033881s ]
[ sql ] [ SQL ] INSERT INTO `wx_code` (`codeid` , `src` , `mbstr`) VALUES ('20190411781825466164' , 'http://zerg.com/qrcode/NickBb74e5deb5b697e6ce23b7466accf66679.png' , 'd79506742e5870b95ec29eb92fa3b13e') [ RunTime:0.002541s ]
---------------------------------------------------------------
[2019-04-11T18:23:31+08:00] 127.0.0.1 GET zerg.com/getcode
[运行时间：0.506216s] [吞吐率：1.98req/s] [内存消耗：3,448.50kb] [文件加载：91]
[ info ] [ LANG ] D:\PHP\phpstudy\PHPTutorial\WWW\Zerg\thinkphp\lang\zh-cn.php
[ info ] [ ROUTE ] array (
  'rule' => 'getcode',
  'route' => 'api/Code/getCode',
  'option' => 
  array (
    'merge_rule_regex' => false,
  ),
  'var' => 
  array (
  ),
)
[ info ] [ HEADER ] array (
  'connection' => 'close',
  'accept-encoding' => 'gzip, deflate',
  'cookie' => 'PHPSESSID=fvvr9dferc89s15rnhv3tj8jqq',
  'host' => 'zerg.com',
  'accept' => '*/*',
  'user-agent' => 'PostmanRuntime/7.6.1',
  'postman-token' => '7483f94c-4d0f-4968-8f6c-4fb4f4abf719',
  'cache-control' => 'no-cache',
)
[ info ] [ PARAM ] array (
  '/getcode' => '',
)
[ info ] [ DB ] INIT mysql
[ info ] [ VIEW ] D:\PHP\phpstudy\PHPTutorial\WWW\Zerg\application\api\view\code\qrcode.html [ array (
  0 => 'filename',
) ]
[ sql ] [ DB ] CONNECT:[ UseTime:0.001249s ] mysql:host=127.0.0.1;dbname=erweima;charset=utf8
[ sql ] [ SQL ] SHOW COLUMNS FROM `wx_code` [ RunTime:0.035434s ]
[ sql ] [ SQL ] INSERT INTO `wx_code` (`codeid` , `src` , `mbstr`) VALUES ('20190411782115174816' , 'http://zerg.com/qrcode/NickBb7823fe953974e55151097c2cfcb39a00.png' , '325ad0dfdace1853d5b0c37770fe2ae9') [ RunTime:0.000878s ]
---------------------------------------------------------------
[2019-04-11T22:22:42+08:00] 127.0.0.1 GET zerg.com/getcode
[运行时间：0.502108s] [吞吐率：1.99req/s] [内存消耗：3,447.05kb] [文件加载：91]
[ info ] [ LANG ] D:\PHP\phpstudy\PHPTutorial\WWW\Zerg\thinkphp\lang\zh-cn.php
[ info ] [ ROUTE ] array (
  'rule' => 'getcode',
  'route' => 'api/Code/getCode',
  'option' => 
  array (
    'merge_rule_regex' => false,
  ),
  'var' => 
  array (
  ),
)
[ info ] [ HEADER ] array (
  'connection' => 'close',
  'accept-encoding' => 'gzip, deflate',
  'cookie' => 'PHPSESSID=fvvr9dferc89s15rnhv3tj8jqq',
  'host' => 'zerg.com',
  'accept' => '*/*',
  'user-agent' => 'PostmanRuntime/7.6.1',
  'postman-token' => '8b654cd3-528b-43f0-8724-4e0a442d111d',
  'cache-control' => 'no-cache',
)
[ info ] [ PARAM ] array (
  '/getcode' => '',
)
[ info ] [ DB ] INIT mysql
[ info ] [ VIEW ] D:\PHP\phpstudy\PHPTutorial\WWW\Zerg\application\api\view\code\qrcode.html [ array (
  0 => 'filename',
) ]
[ sql ] [ DB ] CONNECT:[ UseTime:0.006644s ] mysql:host=127.0.0.1;dbname=erweima;charset=utf8
[ sql ] [ SQL ] SHOW COLUMNS FROM `wx_code` [ RunTime:0.028729s ]
[ sql ] [ SQL ] INSERT INTO `wx_code` (`codeid` , `src` , `mbstr`) VALUES ('20190411925613254423' , 'http://zerg.com/qrcode/NickBbb79984634d3915a78426180d6f21859a.png' , '715525593131318cf98a4639c23f8ccd') [ RunTime:0.001111s ]
---------------------------------------------------------------
[2019-04-11T22:23:32+08:00] 127.0.0.1 GET zerg.com/checkstr/1/2019041192561325442
[运行时间：0.164233s] [吞吐率：6.09req/s] [内存消耗：3,178.77kb] [文件加载：81]
[ info ] [ LANG ] D:\PHP\phpstudy\PHPTutorial\WWW\Zerg\thinkphp\lang\zh-cn.php
[ info ] [ ROUTE ] array (
  'rule' => 'checkstr/<openid>/<codeid>',
  'route' => 'api/Scan/checkStr',
  'option' => 
  array (
    'merge_rule_regex' => false,
  ),
  'var' => 
  array (
    'openid' => '1',
    'codeid' => '2019041192561325442',
  ),
)
[ info ] [ HEADER ] array (
  'connection' => 'close',
  'accept-encoding' => 'gzip, deflate',
  'cookie' => 'PHPSESSID=fvvr9dferc89s15rnhv3tj8jqq',
  'host' => 'zerg.com',
  'accept' => '*/*',
  'user-agent' => 'PostmanRuntime/7.6.1',
  'postman-token' => 'b7c2ad49-df58-49aa-8186-ab07aa9f2153',
  'cache-control' => 'no-cache',
)
[ info ] [ PARAM ] array (
  '/checkstr/1/2019041192561325442' => '',
  'openid' => '1',
  'codeid' => '2019041192561325442',
)
[ info ] [ DB ] INIT mysql
[ info ] [ VIEW ] D:\PHP\phpstudy\PHPTutorial\WWW\Zerg\application\api\view\scan\watch.html [ array (
  0 => 'req',
) ]
[ sql ] [ DB ] CONNECT:[ UseTime:0.006919s ] mysql:host=127.0.0.1;dbname=erweima;charset=utf8
[ sql ] [ SQL ] SHOW COLUMNS FROM `wx_code` [ RunTime:0.029185s ]
[ sql ] [ SQL ] SELECT `mbstr` FROM `wx_code` WHERE  `codeid` = '2019041192561325442' LIMIT 1 [ RunTime:0.001747s ]
[ error ] [2]htmlentities() expects parameter 1 to be string, object given[D:\PHP\phpstudy\PHPTutorial\WWW\Zerg\runtime\temp\e8c25943d7bf3d692a0e00716b9b4948.php:8]
---------------------------------------------------------------
[2019-04-11T22:27:13+08:00] 127.0.0.1 GET zerg.com/checkstr/1/2019041192561325442
[运行时间：0.175821s] [吞吐率：5.69req/s] [内存消耗：2,980.22kb] [文件加载：72]
[ info ] [ LANG ] D:\PHP\phpstudy\PHPTutorial\WWW\Zerg\thinkphp\lang\zh-cn.php
[ info ] [ ROUTE ] array (
  'rule' => 'checkstr/<openid>/<codeid>',
  'route' => 'api/Scan/checkStr',
  'option' => 
  array (
    'merge_rule_regex' => false,
  ),
  'var' => 
  array (
    'openid' => '1',
    'codeid' => '2019041192561325442',
  ),
)
[ info ] [ HEADER ] array (
  'connection' => 'close',
  'accept-encoding' => 'gzip, deflate',
  'cookie' => 'PHPSESSID=fvvr9dferc89s15rnhv3tj8jqq',
  'host' => 'zerg.com',
  'accept' => '*/*',
  'user-agent' => 'PostmanRuntime/7.6.1',
  'postman-token' => '8eecb7be-99e4-40c0-8a94-16ebd999ad74',
  'cache-control' => 'no-cache',
)
[ info ] [ PARAM ] array (
  '/checkstr/1/2019041192561325442' => '',
  'openid' => '1',
  'codeid' => '2019041192561325442',
)
[ info ] [ DB ] INIT mysql
[ sql ] [ DB ] CONNECT:[ UseTime:0.001590s ] mysql:host=127.0.0.1;dbname=erweima;charset=utf8
[ sql ] [ SQL ] SHOW COLUMNS FROM `wx_code` [ RunTime:0.028471s ]
[ sql ] [ SQL ] SELECT `mbstr` FROM `wx_code` WHERE  `codeid` = '2019041192561325442' LIMIT 1 [ RunTime:0.001865s ]
---------------------------------------------------------------
[2019-04-11T22:29:49+08:00] 127.0.0.1 GET zerg.com/checkstr/aaa1111/20190411925613254423
[运行时间：0.168033s] [吞吐率：5.95req/s] [内存消耗：3,051.90kb] [文件加载：79]
[ info ] [ LANG ] D:\PHP\phpstudy\PHPTutorial\WWW\Zerg\thinkphp\lang\zh-cn.php
[ info ] [ ROUTE ] array (
  'rule' => 'checkstr/<openid>/<codeid>',
  'route' => 'api/Scan/checkStr',
  'option' => 
  array (
    'merge_rule_regex' => false,
  ),
  'var' => 
  array (
    'openid' => 'aaa1111',
    'codeid' => '20190411925613254423',
  ),
)
[ info ] [ HEADER ] array (
  'connection' => 'close',
  'accept-encoding' => 'gzip, deflate',
  'cookie' => 'PHPSESSID=fvvr9dferc89s15rnhv3tj8jqq',
  'host' => 'zerg.com',
  'accept' => '*/*',
  'user-agent' => 'PostmanRuntime/7.6.1',
  'postman-token' => 'e0389712-fc6c-4a42-bbba-8937c102a198',
  'cache-control' => 'no-cache',
)
[ info ] [ PARAM ] array (
  '/checkstr/aaa1111/20190411925613254423' => '',
  'openid' => 'aaa1111',
  'codeid' => '20190411925613254423',
)
[ info ] [ DB ] INIT mysql
[ sql ] [ DB ] CONNECT:[ UseTime:0.001705s ] mysql:host=127.0.0.1;dbname=erweima;charset=utf8
[ sql ] [ SQL ] SHOW COLUMNS FROM `wx_code` [ RunTime:0.025634s ]
[ sql ] [ SQL ] SELECT `mbstr` FROM `wx_code` WHERE  `codeid` = '20190411925613254423' LIMIT 1 [ RunTime:0.000730s ]
[ sql ] [ SQL ] SELECT * FROM `wx_code` WHERE  `codeid` = '20190411925613254423' LIMIT 1 [ RunTime:0.000898s ]
[ sql ] [ SQL ] SHOW COLUMNS FROM `wx_scan` [ RunTime:0.021191s ]
[ error ] [10501]SQLSTATE[42S22]: Column not found: 1054 Unknown column 'userid' in 'where clause'[D:\PHP\phpstudy\PHPTutorial\WWW\Zerg\thinkphp\library\think\db\Connection.php:687]
---------------------------------------------------------------
[2019-04-11T22:30:30+08:00] 127.0.0.1 GET zerg.com/checkstr/aaa1111/20190411925613254423
[运行时间：0.171337s] [吞吐率：5.84req/s] [内存消耗：2,962.12kb] [文件加载：74]
[ info ] [ LANG ] D:\PHP\phpstudy\PHPTutorial\WWW\Zerg\thinkphp\lang\zh-cn.php
[ info ] [ ROUTE ] array (
  'rule' => 'checkstr/<openid>/<codeid>',
  'route' => 'api/Scan/checkStr',
  'option' => 
  array (
    'merge_rule_regex' => false,
  ),
  'var' => 
  array (
    'openid' => 'aaa1111',
    'codeid' => '20190411925613254423',
  ),
)
[ info ] [ HEADER ] array (
  'connection' => 'close',
  'accept-encoding' => 'gzip, deflate',
  'cookie' => 'PHPSESSID=fvvr9dferc89s15rnhv3tj8jqq',
  'host' => 'zerg.com',
  'accept' => '*/*',
  'user-agent' => 'PostmanRuntime/7.6.1',
  'postman-token' => 'd31492e1-d9c2-4ecd-83bc-5c931ec48b9c',
  'cache-control' => 'no-cache',
)
[ info ] [ PARAM ] array (
  '/checkstr/aaa1111/20190411925613254423' => '',
  'openid' => 'aaa1111',
  'codeid' => '20190411925613254423',
)
[ info ] [ DB ] INIT mysql
[ sql ] [ DB ] CONNECT:[ UseTime:0.001323s ] mysql:host=127.0.0.1;dbname=erweima;charset=utf8
[ sql ] [ SQL ] SHOW COLUMNS FROM `wx_code` [ RunTime:0.023035s ]
[ sql ] [ SQL ] SELECT `mbstr` FROM `wx_code` WHERE  `codeid` = '20190411925613254423' LIMIT 1 [ RunTime:0.000900s ]
[ sql ] [ SQL ] SELECT * FROM `wx_code` WHERE  `codeid` = '20190411925613254423' LIMIT 1 [ RunTime:0.000817s ]
[ sql ] [ SQL ] SHOW COLUMNS FROM `wx_scan` [ RunTime:0.039504s ]
[ sql ] [ SQL ] SELECT * FROM `wx_scan` WHERE  `openid` = aaa1111  AND `codeid` = '20190411925613254423' LIMIT 1 [ RunTime:0.003600s ]
[ sql ] [ SQL ] UPDATE `wx_code`  SET `time` = `time` + 1  WHERE  `codeid` = '20190411925613254423' [ RunTime:0.011163s ]
[ sql ] [ SQL ] INSERT INTO `wx_scan` (`openid` , `codeid` , `scandate`) VALUES (aaa1111 , '20190411925613254423' , 1554993030) [ RunTime:0.002886s ]
---------------------------------------------------------------
[2019-04-11T22:33:03+08:00] 127.0.0.1 GET zerg.com/checkstr/aaa1111/20190411925613254423
[运行时间：0.138122s] [吞吐率：7.24req/s] [内存消耗：2,962.13kb] [文件加载：74]
[ info ] [ LANG ] D:\PHP\phpstudy\PHPTutorial\WWW\Zerg\thinkphp\lang\zh-cn.php
[ info ] [ ROUTE ] array (
  'rule' => 'checkstr/<openid>/<codeid>',
  'route' => 'api/Scan/checkStr',
  'option' => 
  array (
    'merge_rule_regex' => false,
  ),
  'var' => 
  array (
    'openid' => 'aaa1111',
    'codeid' => '20190411925613254423',
  ),
)
[ info ] [ HEADER ] array (
  'connection' => 'close',
  'accept-encoding' => 'gzip, deflate',
  'cookie' => 'PHPSESSID=fvvr9dferc89s15rnhv3tj8jqq',
  'host' => 'zerg.com',
  'accept' => '*/*',
  'user-agent' => 'PostmanRuntime/7.6.1',
  'postman-token' => 'a6161314-ab56-4db3-b985-f9808e9bd3f1',
  'cache-control' => 'no-cache',
)
[ info ] [ PARAM ] array (
  '/checkstr/aaa1111/20190411925613254423' => '',
  'openid' => 'aaa1111',
  'codeid' => '20190411925613254423',
)
[ info ] [ DB ] INIT mysql
[ sql ] [ DB ] CONNECT:[ UseTime:0.003542s ] mysql:host=127.0.0.1;dbname=erweima;charset=utf8
[ sql ] [ SQL ] SHOW COLUMNS FROM `wx_code` [ RunTime:0.023367s ]
[ sql ] [ SQL ] SELECT `mbstr` FROM `wx_code` WHERE  `codeid` = '20190411925613254423' LIMIT 1 [ RunTime:0.000770s ]
[ sql ] [ SQL ] SELECT * FROM `wx_code` WHERE  `codeid` = '20190411925613254423' LIMIT 1 [ RunTime:0.001157s ]
[ sql ] [ SQL ] SHOW COLUMNS FROM `wx_scan` [ RunTime:0.022122s ]
[ sql ] [ SQL ] SELECT * FROM `wx_scan` WHERE  `openid` = 'aaa1111'  AND `codeid` = '20190411925613254423' LIMIT 1 [ RunTime:0.000706s ]
[ sql ] [ SQL ] UPDATE `wx_code`  SET `time` = `time` + 1  WHERE  `codeid` = '20190411925613254423' [ RunTime:0.003154s ]
[ sql ] [ SQL ] INSERT INTO `wx_scan` (`openid` , `codeid` , `scandate`) VALUES ('aaa1111' , '20190411925613254423' , 1554993183) [ RunTime:0.001307s ]
---------------------------------------------------------------
[2019-04-11T22:33:50+08:00] 127.0.0.1 GET zerg.com/checkstr/aaa1112/2019041192561325442
[运行时间：0.126114s] [吞吐率：7.93req/s] [内存消耗：2,979.54kb] [文件加载：72]
[ info ] [ LANG ] D:\PHP\phpstudy\PHPTutorial\WWW\Zerg\thinkphp\lang\zh-cn.php
[ info ] [ ROUTE ] array (
  'rule' => 'checkstr/<openid>/<codeid>',
  'route' => 'api/Scan/checkStr',
  'option' => 
  array (
    'merge_rule_regex' => false,
  ),
  'var' => 
  array (
    'openid' => 'aaa1112',
    'codeid' => '2019041192561325442',
  ),
)
[ info ] [ HEADER ] array (
  'connection' => 'close',
  'accept-encoding' => 'gzip, deflate',
  'cookie' => 'PHPSESSID=fvvr9dferc89s15rnhv3tj8jqq',
  'host' => 'zerg.com',
  'accept' => '*/*',
  'user-agent' => 'PostmanRuntime/7.6.1',
  'postman-token' => 'ac58e67a-64bc-4ad2-8f0c-4d2bd773f361',
  'cache-control' => 'no-cache',
)
[ info ] [ PARAM ] array (
  '/checkstr/aaa1112/2019041192561325442' => '',
  'openid' => 'aaa1112',
  'codeid' => '2019041192561325442',
)
[ info ] [ DB ] INIT mysql
[ sql ] [ DB ] CONNECT:[ UseTime:0.002887s ] mysql:host=127.0.0.1;dbname=erweima;charset=utf8
[ sql ] [ SQL ] SHOW COLUMNS FROM `wx_code` [ RunTime:0.030658s ]
[ sql ] [ SQL ] SELECT `mbstr` FROM `wx_code` WHERE  `codeid` = '2019041192561325442' LIMIT 1 [ RunTime:0.000901s ]
---------------------------------------------------------------
[2019-04-11T22:34:04+08:00] 127.0.0.1 GET zerg.com/checkstr/aaa1111/20190411925613254423
[运行时间：0.174598s] [吞吐率：5.73req/s] [内存消耗：2,961.81kb] [文件加载：74]
[ info ] [ LANG ] D:\PHP\phpstudy\PHPTutorial\WWW\Zerg\thinkphp\lang\zh-cn.php
[ info ] [ ROUTE ] array (
  'rule' => 'checkstr/<openid>/<codeid>',
  'route' => 'api/Scan/checkStr',
  'option' => 
  array (
    'merge_rule_regex' => false,
  ),
  'var' => 
  array (
    'openid' => 'aaa1111',
    'codeid' => '20190411925613254423',
  ),
)
[ info ] [ HEADER ] array (
  'connection' => 'close',
  'accept-encoding' => 'gzip, deflate',
  'cookie' => 'PHPSESSID=fvvr9dferc89s15rnhv3tj8jqq',
  'host' => 'zerg.com',
  'accept' => '*/*',
  'user-agent' => 'PostmanRuntime/7.6.1',
  'postman-token' => 'ef5df296-a477-4e7b-9956-5894fddaa679',
  'cache-control' => 'no-cache',
)
[ info ] [ PARAM ] array (
  '/checkstr/aaa1111/20190411925613254423' => '',
  'openid' => 'aaa1111',
  'codeid' => '20190411925613254423',
)
[ info ] [ DB ] INIT mysql
[ sql ] [ DB ] CONNECT:[ UseTime:0.002176s ] mysql:host=127.0.0.1;dbname=erweima;charset=utf8
[ sql ] [ SQL ] SHOW COLUMNS FROM `wx_code` [ RunTime:0.044616s ]
[ sql ] [ SQL ] SELECT `mbstr` FROM `wx_code` WHERE  `codeid` = '20190411925613254423' LIMIT 1 [ RunTime:0.000603s ]
[ sql ] [ SQL ] SELECT * FROM `wx_code` WHERE  `codeid` = '20190411925613254423' LIMIT 1 [ RunTime:0.000644s ]
[ sql ] [ SQL ] SHOW COLUMNS FROM `wx_scan` [ RunTime:0.024030s ]
[ sql ] [ SQL ] SELECT * FROM `wx_scan` WHERE  `openid` = 'aaa1111'  AND `codeid` = '20190411925613254423' LIMIT 1 [ RunTime:0.000666s ]
[ sql ] [ SQL ] INSERT INTO `wx_scan` (`openid` , `codeid` , `scandate`) VALUES ('aaa1111' , '20190411925613254423' , 1554993244) [ RunTime:0.001349s ]
---------------------------------------------------------------
[2019-04-11T22:34:26+08:00] 127.0.0.1 GET zerg.com/checkstr/aaa1112/20190411925613254423
[运行时间：0.173789s] [吞吐率：5.75req/s] [内存消耗：2,962.13kb] [文件加载：74]
[ info ] [ LANG ] D:\PHP\phpstudy\PHPTutorial\WWW\Zerg\thinkphp\lang\zh-cn.php
[ info ] [ ROUTE ] array (
  'rule' => 'checkstr/<openid>/<codeid>',
  'route' => 'api/Scan/checkStr',
  'option' => 
  array (
    'merge_rule_regex' => false,
  ),
  'var' => 
  array (
    'openid' => 'aaa1112',
    'codeid' => '20190411925613254423',
  ),
)
[ info ] [ HEADER ] array (
  'connection' => 'close',
  'accept-encoding' => 'gzip, deflate',
  'cookie' => 'PHPSESSID=fvvr9dferc89s15rnhv3tj8jqq',
  'host' => 'zerg.com',
  'accept' => '*/*',
  'user-agent' => 'PostmanRuntime/7.6.1',
  'postman-token' => '161a283b-7250-4eda-b5bd-73cfdba47e9a',
  'cache-control' => 'no-cache',
)
[ info ] [ PARAM ] array (
  '/checkstr/aaa1112/20190411925613254423' => '',
  'openid' => 'aaa1112',
  'codeid' => '20190411925613254423',
)
[ info ] [ DB ] INIT mysql
[ sql ] [ DB ] CONNECT:[ UseTime:0.001431s ] mysql:host=127.0.0.1;dbname=erweima;charset=utf8
[ sql ] [ SQL ] SHOW COLUMNS FROM `wx_code` [ RunTime:0.034694s ]
[ sql ] [ SQL ] SELECT `mbstr` FROM `wx_code` WHERE  `codeid` = '20190411925613254423' LIMIT 1 [ RunTime:0.001119s ]
[ sql ] [ SQL ] SELECT * FROM `wx_code` WHERE  `codeid` = '20190411925613254423' LIMIT 1 [ RunTime:0.001254s ]
[ sql ] [ SQL ] SHOW COLUMNS FROM `wx_scan` [ RunTime:0.021097s ]
[ sql ] [ SQL ] SELECT * FROM `wx_scan` WHERE  `openid` = 'aaa1112'  AND `codeid` = '20190411925613254423' LIMIT 1 [ RunTime:0.000662s ]
[ sql ] [ SQL ] UPDATE `wx_code`  SET `time` = `time` + 1  WHERE  `codeid` = '20190411925613254423' [ RunTime:0.003264s ]
[ sql ] [ SQL ] INSERT INTO `wx_scan` (`openid` , `codeid` , `scandate`) VALUES ('aaa1112' , '20190411925613254423' , 1554993266) [ RunTime:0.000514s ]
---------------------------------------------------------------
[2019-04-11T22:34:39+08:00] 127.0.0.1 GET zerg.com/checkstr/aaa1113/20190411925613254423
[运行时间：0.242786s] [吞吐率：4.12req/s] [内存消耗：2,962.13kb] [文件加载：74]
[ info ] [ LANG ] D:\PHP\phpstudy\PHPTutorial\WWW\Zerg\thinkphp\lang\zh-cn.php
[ info ] [ ROUTE ] array (
  'rule' => 'checkstr/<openid>/<codeid>',
  'route' => 'api/Scan/checkStr',
  'option' => 
  array (
    'merge_rule_regex' => false,
  ),
  'var' => 
  array (
    'openid' => 'aaa1113',
    'codeid' => '20190411925613254423',
  ),
)
[ info ] [ HEADER ] array (
  'connection' => 'close',
  'accept-encoding' => 'gzip, deflate',
  'cookie' => 'PHPSESSID=fvvr9dferc89s15rnhv3tj8jqq',
  'host' => 'zerg.com',
  'accept' => '*/*',
  'user-agent' => 'PostmanRuntime/7.6.1',
  'postman-token' => 'bfc8d255-c6b7-4143-b9be-1fd9f52c0823',
  'cache-control' => 'no-cache',
)
[ info ] [ PARAM ] array (
  '/checkstr/aaa1113/20190411925613254423' => '',
  'openid' => 'aaa1113',
  'codeid' => '20190411925613254423',
)
[ info ] [ DB ] INIT mysql
[ sql ] [ DB ] CONNECT:[ UseTime:0.002208s ] mysql:host=127.0.0.1;dbname=erweima;charset=utf8
[ sql ] [ SQL ] SHOW COLUMNS FROM `wx_code` [ RunTime:0.041814s ]
[ sql ] [ SQL ] SELECT `mbstr` FROM `wx_code` WHERE  `codeid` = '20190411925613254423' LIMIT 1 [ RunTime:0.000892s ]
[ sql ] [ SQL ] SELECT * FROM `wx_code` WHERE  `codeid` = '20190411925613254423' LIMIT 1 [ RunTime:0.003235s ]
[ sql ] [ SQL ] SHOW COLUMNS FROM `wx_scan` [ RunTime:0.032963s ]
[ sql ] [ SQL ] SELECT * FROM `wx_scan` WHERE  `openid` = 'aaa1113'  AND `codeid` = '20190411925613254423' LIMIT 1 [ RunTime:0.002022s ]
[ sql ] [ SQL ] UPDATE `wx_code`  SET `time` = `time` + 1  WHERE  `codeid` = '20190411925613254423' [ RunTime:0.005170s ]
[ sql ] [ SQL ] INSERT INTO `wx_scan` (`openid` , `codeid` , `scandate`) VALUES ('aaa1113' , '20190411925613254423' , 1554993279) [ RunTime:0.002312s ]
---------------------------------------------------------------
[2019-04-11T22:34:45+08:00] 127.0.0.1 GET zerg.com/checkstr/aaa1114/20190411925613254423
[运行时间：0.170765s] [吞吐率：5.86req/s] [内存消耗：2,962.13kb] [文件加载：74]
[ info ] [ LANG ] D:\PHP\phpstudy\PHPTutorial\WWW\Zerg\thinkphp\lang\zh-cn.php
[ info ] [ ROUTE ] array (
  'rule' => 'checkstr/<openid>/<codeid>',
  'route' => 'api/Scan/checkStr',
  'option' => 
  array (
    'merge_rule_regex' => false,
  ),
  'var' => 
  array (
    'openid' => 'aaa1114',
    'codeid' => '20190411925613254423',
  ),
)
[ info ] [ HEADER ] array (
  'connection' => 'close',
  'accept-encoding' => 'gzip, deflate',
  'cookie' => 'PHPSESSID=fvvr9dferc89s15rnhv3tj8jqq',
  'host' => 'zerg.com',
  'accept' => '*/*',
  'user-agent' => 'PostmanRuntime/7.6.1',
  'postman-token' => 'c9bb8fd0-4334-4cc5-ae93-9ac91eac99be',
  'cache-control' => 'no-cache',
)
[ info ] [ PARAM ] array (
  '/checkstr/aaa1114/20190411925613254423' => '',
  'openid' => 'aaa1114',
  'codeid' => '20190411925613254423',
)
[ info ] [ DB ] INIT mysql
[ sql ] [ DB ] CONNECT:[ UseTime:0.001261s ] mysql:host=127.0.0.1;dbname=erweima;charset=utf8
[ sql ] [ SQL ] SHOW COLUMNS FROM `wx_code` [ RunTime:0.031100s ]
[ sql ] [ SQL ] SELECT `mbstr` FROM `wx_code` WHERE  `codeid` = '20190411925613254423' LIMIT 1 [ RunTime:0.000512s ]
[ sql ] [ SQL ] SELECT * FROM `wx_code` WHERE  `codeid` = '20190411925613254423' LIMIT 1 [ RunTime:0.000781s ]
[ sql ] [ SQL ] SHOW COLUMNS FROM `wx_scan` [ RunTime:0.024933s ]
[ sql ] [ SQL ] SELECT * FROM `wx_scan` WHERE  `openid` = 'aaa1114'  AND `codeid` = '20190411925613254423' LIMIT 1 [ RunTime:0.000654s ]
[ sql ] [ SQL ] UPDATE `wx_code`  SET `time` = `time` + 1  WHERE  `codeid` = '20190411925613254423' [ RunTime:0.005754s ]
[ sql ] [ SQL ] INSERT INTO `wx_scan` (`openid` , `codeid` , `scandate`) VALUES ('aaa1114' , '20190411925613254423' , 1554993285) [ RunTime:0.000941s ]
---------------------------------------------------------------
[2019-04-11T22:34:50+08:00] 127.0.0.1 GET zerg.com/checkstr/aaa1115/20190411925613254423
[运行时间：0.204702s] [吞吐率：4.89req/s] [内存消耗：2,962.13kb] [文件加载：74]
[ info ] [ LANG ] D:\PHP\phpstudy\PHPTutorial\WWW\Zerg\thinkphp\lang\zh-cn.php
[ info ] [ ROUTE ] array (
  'rule' => 'checkstr/<openid>/<codeid>',
  'route' => 'api/Scan/checkStr',
  'option' => 
  array (
    'merge_rule_regex' => false,
  ),
  'var' => 
  array (
    'openid' => 'aaa1115',
    'codeid' => '20190411925613254423',
  ),
)
[ info ] [ HEADER ] array (
  'connection' => 'close',
  'accept-encoding' => 'gzip, deflate',
  'cookie' => 'PHPSESSID=fvvr9dferc89s15rnhv3tj8jqq',
  'host' => 'zerg.com',
  'accept' => '*/*',
  'user-agent' => 'PostmanRuntime/7.6.1',
  'postman-token' => 'ad875f51-cad4-45ca-8f87-06647b8548d3',
  'cache-control' => 'no-cache',
)
[ info ] [ PARAM ] array (
  '/checkstr/aaa1115/20190411925613254423' => '',
  'openid' => 'aaa1115',
  'codeid' => '20190411925613254423',
)
[ info ] [ DB ] INIT mysql
[ sql ] [ DB ] CONNECT:[ UseTime:0.001671s ] mysql:host=127.0.0.1;dbname=erweima;charset=utf8
[ sql ] [ SQL ] SHOW COLUMNS FROM `wx_code` [ RunTime:0.040367s ]
[ sql ] [ SQL ] SELECT `mbstr` FROM `wx_code` WHERE  `codeid` = '20190411925613254423' LIMIT 1 [ RunTime:0.001121s ]
[ sql ] [ SQL ] SELECT * FROM `wx_code` WHERE  `codeid` = '20190411925613254423' LIMIT 1 [ RunTime:0.000838s ]
[ sql ] [ SQL ] SHOW COLUMNS FROM `wx_scan` [ RunTime:0.028117s ]
[ sql ] [ SQL ] SELECT * FROM `wx_scan` WHERE  `openid` = 'aaa1115'  AND `codeid` = '20190411925613254423' LIMIT 1 [ RunTime:0.001025s ]
[ sql ] [ SQL ] UPDATE `wx_code`  SET `time` = `time` + 1  WHERE  `codeid` = '20190411925613254423' [ RunTime:0.003930s ]
[ sql ] [ SQL ] INSERT INTO `wx_scan` (`openid` , `codeid` , `scandate`) VALUES ('aaa1115' , '20190411925613254423' , 1554993290) [ RunTime:0.001217s ]
---------------------------------------------------------------
[2019-04-11T22:34:53+08:00] 127.0.0.1 GET zerg.com/checkstr/aaa1116/20190411925613254423
[运行时间：0.197478s] [吞吐率：5.06req/s] [内存消耗：2,962.13kb] [文件加载：74]
[ info ] [ LANG ] D:\PHP\phpstudy\PHPTutorial\WWW\Zerg\thinkphp\lang\zh-cn.php
[ info ] [ ROUTE ] array (
  'rule' => 'checkstr/<openid>/<codeid>',
  'route' => 'api/Scan/checkStr',
  'option' => 
  array (
    'merge_rule_regex' => false,
  ),
  'var' => 
  array (
    'openid' => 'aaa1116',
    'codeid' => '20190411925613254423',
  ),
)
[ info ] [ HEADER ] array (
  'connection' => 'close',
  'accept-encoding' => 'gzip, deflate',
  'cookie' => 'PHPSESSID=fvvr9dferc89s15rnhv3tj8jqq',
  'host' => 'zerg.com',
  'accept' => '*/*',
  'user-agent' => 'PostmanRuntime/7.6.1',
  'postman-token' => '211cf4f0-6d06-4775-8b71-9f6ebf30d68f',
  'cache-control' => 'no-cache',
)
[ info ] [ PARAM ] array (
  '/checkstr/aaa1116/20190411925613254423' => '',
  'openid' => 'aaa1116',
  'codeid' => '20190411925613254423',
)
[ info ] [ DB ] INIT mysql
[ sql ] [ DB ] CONNECT:[ UseTime:0.002515s ] mysql:host=127.0.0.1;dbname=erweima;charset=utf8
[ sql ] [ SQL ] SHOW COLUMNS FROM `wx_code` [ RunTime:0.055987s ]
[ sql ] [ SQL ] SELECT `mbstr` FROM `wx_code` WHERE  `codeid` = '20190411925613254423' LIMIT 1 [ RunTime:0.000679s ]
[ sql ] [ SQL ] SELECT * FROM `wx_code` WHERE  `codeid` = '20190411925613254423' LIMIT 1 [ RunTime:0.000645s ]
[ sql ] [ SQL ] SHOW COLUMNS FROM `wx_scan` [ RunTime:0.030041s ]
[ sql ] [ SQL ] SELECT * FROM `wx_scan` WHERE  `openid` = 'aaa1116'  AND `codeid` = '20190411925613254423' LIMIT 1 [ RunTime:0.000596s ]
[ sql ] [ SQL ] UPDATE `wx_code`  SET `time` = `time` + 1  WHERE  `codeid` = '20190411925613254423' [ RunTime:0.002981s ]
[ sql ] [ SQL ] INSERT INTO `wx_scan` (`openid` , `codeid` , `scandate`) VALUES ('aaa1116' , '20190411925613254423' , 1554993293) [ RunTime:0.000815s ]
---------------------------------------------------------------
[2019-04-11T22:34:55+08:00] 127.0.0.1 GET zerg.com/checkstr/aaa1117/20190411925613254423
[运行时间：0.177200s] [吞吐率：5.64req/s] [内存消耗：2,962.13kb] [文件加载：74]
[ info ] [ LANG ] D:\PHP\phpstudy\PHPTutorial\WWW\Zerg\thinkphp\lang\zh-cn.php
[ info ] [ ROUTE ] array (
  'rule' => 'checkstr/<openid>/<codeid>',
  'route' => 'api/Scan/checkStr',
  'option' => 
  array (
    'merge_rule_regex' => false,
  ),
  'var' => 
  array (
    'openid' => 'aaa1117',
    'codeid' => '20190411925613254423',
  ),
)
[ info ] [ HEADER ] array (
  'connection' => 'close',
  'accept-encoding' => 'gzip, deflate',
  'cookie' => 'PHPSESSID=fvvr9dferc89s15rnhv3tj8jqq',
  'host' => 'zerg.com',
  'accept' => '*/*',
  'user-agent' => 'PostmanRuntime/7.6.1',
  'postman-token' => '51689eab-ace0-4cbc-b027-039a05a1bfd7',
  'cache-control' => 'no-cache',
)
[ info ] [ PARAM ] array (
  '/checkstr/aaa1117/20190411925613254423' => '',
  'openid' => 'aaa1117',
  'codeid' => '20190411925613254423',
)
[ info ] [ DB ] INIT mysql
[ sql ] [ DB ] CONNECT:[ UseTime:0.002873s ] mysql:host=127.0.0.1;dbname=erweima;charset=utf8
[ sql ] [ SQL ] SHOW COLUMNS FROM `wx_code` [ RunTime:0.046336s ]
[ sql ] [ SQL ] SELECT `mbstr` FROM `wx_code` WHERE  `codeid` = '20190411925613254423' LIMIT 1 [ RunTime:0.000761s ]
[ sql ] [ SQL ] SELECT * FROM `wx_code` WHERE  `codeid` = '20190411925613254423' LIMIT 1 [ RunTime:0.000648s ]
[ sql ] [ SQL ] SHOW COLUMNS FROM `wx_scan` [ RunTime:0.026623s ]
[ sql ] [ SQL ] SELECT * FROM `wx_scan` WHERE  `openid` = 'aaa1117'  AND `codeid` = '20190411925613254423' LIMIT 1 [ RunTime:0.000586s ]
[ sql ] [ SQL ] UPDATE `wx_code`  SET `time` = `time` + 1  WHERE  `codeid` = '20190411925613254423' [ RunTime:0.003359s ]
[ sql ] [ SQL ] INSERT INTO `wx_scan` (`openid` , `codeid` , `scandate`) VALUES ('aaa1117' , '20190411925613254423' , 1554993295) [ RunTime:0.001132s ]
---------------------------------------------------------------
[2019-04-11T22:34:58+08:00] 127.0.0.1 GET zerg.com/checkstr/aaa1118/20190411925613254423
[运行时间：0.166229s] [吞吐率：6.02req/s] [内存消耗：2,962.13kb] [文件加载：74]
[ info ] [ LANG ] D:\PHP\phpstudy\PHPTutorial\WWW\Zerg\thinkphp\lang\zh-cn.php
[ info ] [ ROUTE ] array (
  'rule' => 'checkstr/<openid>/<codeid>',
  'route' => 'api/Scan/checkStr',
  'option' => 
  array (
    'merge_rule_regex' => false,
  ),
  'var' => 
  array (
    'openid' => 'aaa1118',
    'codeid' => '20190411925613254423',
  ),
)
[ info ] [ HEADER ] array (
  'connection' => 'close',
  'accept-encoding' => 'gzip, deflate',
  'cookie' => 'PHPSESSID=fvvr9dferc89s15rnhv3tj8jqq',
  'host' => 'zerg.com',
  'accept' => '*/*',
  'user-agent' => 'PostmanRuntime/7.6.1',
  'postman-token' => '4f34f7a0-9e06-42aa-ad15-382529b77141',
  'cache-control' => 'no-cache',
)
[ info ] [ PARAM ] array (
  '/checkstr/aaa1118/20190411925613254423' => '',
  'openid' => 'aaa1118',
  'codeid' => '20190411925613254423',
)
[ info ] [ DB ] INIT mysql
[ sql ] [ DB ] CONNECT:[ UseTime:0.002420s ] mysql:host=127.0.0.1;dbname=erweima;charset=utf8
[ sql ] [ SQL ] SHOW COLUMNS FROM `wx_code` [ RunTime:0.038201s ]
[ sql ] [ SQL ] SELECT `mbstr` FROM `wx_code` WHERE  `codeid` = '20190411925613254423' LIMIT 1 [ RunTime:0.000714s ]
[ sql ] [ SQL ] SELECT * FROM `wx_code` WHERE  `codeid` = '20190411925613254423' LIMIT 1 [ RunTime:0.000607s ]
[ sql ] [ SQL ] SHOW COLUMNS FROM `wx_scan` [ RunTime:0.026883s ]
[ sql ] [ SQL ] SELECT * FROM `wx_scan` WHERE  `openid` = 'aaa1118'  AND `codeid` = '20190411925613254423' LIMIT 1 [ RunTime:0.000734s ]
[ sql ] [ SQL ] UPDATE `wx_code`  SET `time` = `time` + 1  WHERE  `codeid` = '20190411925613254423' [ RunTime:0.003287s ]
[ sql ] [ SQL ] INSERT INTO `wx_scan` (`openid` , `codeid` , `scandate`) VALUES ('aaa1118' , '20190411925613254423' , 1554993298) [ RunTime:0.001622s ]
---------------------------------------------------------------
[2019-04-11T22:35:00+08:00] 127.0.0.1 GET zerg.com/checkstr/aaa1119/20190411925613254423
[运行时间：0.161021s] [吞吐率：6.21req/s] [内存消耗：2,962.13kb] [文件加载：74]
[ info ] [ LANG ] D:\PHP\phpstudy\PHPTutorial\WWW\Zerg\thinkphp\lang\zh-cn.php
[ info ] [ ROUTE ] array (
  'rule' => 'checkstr/<openid>/<codeid>',
  'route' => 'api/Scan/checkStr',
  'option' => 
  array (
    'merge_rule_regex' => false,
  ),
  'var' => 
  array (
    'openid' => 'aaa1119',
    'codeid' => '20190411925613254423',
  ),
)
[ info ] [ HEADER ] array (
  'connection' => 'close',
  'accept-encoding' => 'gzip, deflate',
  'cookie' => 'PHPSESSID=fvvr9dferc89s15rnhv3tj8jqq',
  'host' => 'zerg.com',
  'accept' => '*/*',
  'user-agent' => 'PostmanRuntime/7.6.1',
  'postman-token' => '693b3b28-7550-4210-a6b6-162b9f694e70',
  'cache-control' => 'no-cache',
)
[ info ] [ PARAM ] array (
  '/checkstr/aaa1119/20190411925613254423' => '',
  'openid' => 'aaa1119',
  'codeid' => '20190411925613254423',
)
[ info ] [ DB ] INIT mysql
[ sql ] [ DB ] CONNECT:[ UseTime:0.002286s ] mysql:host=127.0.0.1;dbname=erweima;charset=utf8
[ sql ] [ SQL ] SHOW COLUMNS FROM `wx_code` [ RunTime:0.038544s ]
[ sql ] [ SQL ] SELECT `mbstr` FROM `wx_code` WHERE  `codeid` = '20190411925613254423' LIMIT 1 [ RunTime:0.000611s ]
[ sql ] [ SQL ] SELECT * FROM `wx_code` WHERE  `codeid` = '20190411925613254423' LIMIT 1 [ RunTime:0.000730s ]
[ sql ] [ SQL ] SHOW COLUMNS FROM `wx_scan` [ RunTime:0.023885s ]
[ sql ] [ SQL ] SELECT * FROM `wx_scan` WHERE  `openid` = 'aaa1119'  AND `codeid` = '20190411925613254423' LIMIT 1 [ RunTime:0.000590s ]
[ sql ] [ SQL ] UPDATE `wx_code`  SET `time` = `time` + 1  WHERE  `codeid` = '20190411925613254423' [ RunTime:0.003358s ]
[ sql ] [ SQL ] INSERT INTO `wx_scan` (`openid` , `codeid` , `scandate`) VALUES ('aaa1119' , '20190411925613254423' , 1554993300) [ RunTime:0.000493s ]
---------------------------------------------------------------
[2019-04-11T22:35:10+08:00] 127.0.0.1 GET zerg.com/checkstr/aaa1120/20190411925613254423
[运行时间：0.165605s] [吞吐率：6.04req/s] [内存消耗：2,962.13kb] [文件加载：74]
[ info ] [ LANG ] D:\PHP\phpstudy\PHPTutorial\WWW\Zerg\thinkphp\lang\zh-cn.php
[ info ] [ ROUTE ] array (
  'rule' => 'checkstr/<openid>/<codeid>',
  'route' => 'api/Scan/checkStr',
  'option' => 
  array (
    'merge_rule_regex' => false,
  ),
  'var' => 
  array (
    'openid' => 'aaa1120',
    'codeid' => '20190411925613254423',
  ),
)
[ info ] [ HEADER ] array (
  'connection' => 'close',
  'accept-encoding' => 'gzip, deflate',
  'cookie' => 'PHPSESSID=fvvr9dferc89s15rnhv3tj8jqq',
  'host' => 'zerg.com',
  'accept' => '*/*',
  'user-agent' => 'PostmanRuntime/7.6.1',
  'postman-token' => '630c97db-6b53-4afc-8585-00adfd6133e4',
  'cache-control' => 'no-cache',
)
[ info ] [ PARAM ] array (
  '/checkstr/aaa1120/20190411925613254423' => '',
  'openid' => 'aaa1120',
  'codeid' => '20190411925613254423',
)
[ info ] [ DB ] INIT mysql
[ sql ] [ DB ] CONNECT:[ UseTime:0.001486s ] mysql:host=127.0.0.1;dbname=erweima;charset=utf8
[ sql ] [ SQL ] SHOW COLUMNS FROM `wx_code` [ RunTime:0.041680s ]
[ sql ] [ SQL ] SELECT `mbstr` FROM `wx_code` WHERE  `codeid` = '20190411925613254423' LIMIT 1 [ RunTime:0.001091s ]
[ sql ] [ SQL ] SELECT * FROM `wx_code` WHERE  `codeid` = '20190411925613254423' LIMIT 1 [ RunTime:0.001432s ]
[ sql ] [ SQL ] SHOW COLUMNS FROM `wx_scan` [ RunTime:0.023359s ]
[ sql ] [ SQL ] SELECT * FROM `wx_scan` WHERE  `openid` = 'aaa1120'  AND `codeid` = '20190411925613254423' LIMIT 1 [ RunTime:0.000588s ]
[ sql ] [ SQL ] UPDATE `wx_code`  SET `time` = `time` + 1  WHERE  `codeid` = '20190411925613254423' [ RunTime:0.002297s ]
[ sql ] [ SQL ] INSERT INTO `wx_scan` (`openid` , `codeid` , `scandate`) VALUES ('aaa1120' , '20190411925613254423' , 1554993310) [ RunTime:0.001243s ]
---------------------------------------------------------------
[2019-04-11T22:35:44+08:00] 127.0.0.1 GET zerg.com/checkstr/aaa1121/20190411925613254423
[运行时间：0.158393s] [吞吐率：6.31req/s] [内存消耗：2,962.13kb] [文件加载：74]
[ info ] [ LANG ] D:\PHP\phpstudy\PHPTutorial\WWW\Zerg\thinkphp\lang\zh-cn.php
[ info ] [ ROUTE ] array (
  'rule' => 'checkstr/<openid>/<codeid>',
  'route' => 'api/Scan/checkStr',
  'option' => 
  array (
    'merge_rule_regex' => false,
  ),
  'var' => 
  array (
    'openid' => 'aaa1121',
    'codeid' => '20190411925613254423',
  ),
)
[ info ] [ HEADER ] array (
  'connection' => 'close',
  'accept-encoding' => 'gzip, deflate',
  'cookie' => 'PHPSESSID=fvvr9dferc89s15rnhv3tj8jqq',
  'host' => 'zerg.com',
  'accept' => '*/*',
  'user-agent' => 'PostmanRuntime/7.6.1',
  'postman-token' => 'bebac4ba-f978-4922-9890-0dfb931f2167',
  'cache-control' => 'no-cache',
)
[ info ] [ PARAM ] array (
  '/checkstr/aaa1121/20190411925613254423' => '',
  'openid' => 'aaa1121',
  'codeid' => '20190411925613254423',
)
[ info ] [ DB ] INIT mysql
[ sql ] [ DB ] CONNECT:[ UseTime:0.001211s ] mysql:host=127.0.0.1;dbname=erweima;charset=utf8
[ sql ] [ SQL ] SHOW COLUMNS FROM `wx_code` [ RunTime:0.034223s ]
[ sql ] [ SQL ] SELECT `mbstr` FROM `wx_code` WHERE  `codeid` = '20190411925613254423' LIMIT 1 [ RunTime:0.000593s ]
[ sql ] [ SQL ] SELECT * FROM `wx_code` WHERE  `codeid` = '20190411925613254423' LIMIT 1 [ RunTime:0.000627s ]
[ sql ] [ SQL ] SHOW COLUMNS FROM `wx_scan` [ RunTime:0.021632s ]
[ sql ] [ SQL ] SELECT * FROM `wx_scan` WHERE  `openid` = 'aaa1121'  AND `codeid` = '20190411925613254423' LIMIT 1 [ RunTime:0.000787s ]
[ sql ] [ SQL ] UPDATE `wx_code`  SET `time` = `time` + 1  WHERE  `codeid` = '20190411925613254423' [ RunTime:0.002758s ]
[ sql ] [ SQL ] INSERT INTO `wx_scan` (`openid` , `codeid` , `scandate`) VALUES ('aaa1121' , '20190411925613254423' , 1554993344) [ RunTime:0.000446s ]
---------------------------------------------------------------
[2019-04-11T22:52:32+08:00] 127.0.0.1 GET zerg.com/checkstr/aaa1122/2019041192561325442
[运行时间：0.100496s] [吞吐率：9.95req/s] [内存消耗：2,979.49kb] [文件加载：72]
[ info ] [ LANG ] D:\PHP\phpstudy\PHPTutorial\WWW\Zerg\thinkphp\lang\zh-cn.php
[ info ] [ ROUTE ] array (
  'rule' => 'checkstr/<openid>/<codeid>',
  'route' => 'api/Scan/checkStr',
  'option' => 
  array (
    'merge_rule_regex' => false,
  ),
  'var' => 
  array (
    'openid' => 'aaa1122',
    'codeid' => '2019041192561325442',
  ),
)
[ info ] [ HEADER ] array (
  'connection' => 'close',
  'accept-encoding' => 'gzip, deflate',
  'cookie' => 'PHPSESSID=fvvr9dferc89s15rnhv3tj8jqq',
  'host' => 'zerg.com',
  'accept' => '*/*',
  'user-agent' => 'PostmanRuntime/7.6.1',
  'postman-token' => 'f7593983-999b-4a5f-a8a6-ee0e087e3e1c',
  'cache-control' => 'no-cache',
)
[ info ] [ PARAM ] array (
  '/checkstr/aaa1122/2019041192561325442' => '',
  'openid' => 'aaa1122',
  'codeid' => '2019041192561325442',
)
[ info ] [ DB ] INIT mysql
[ sql ] [ DB ] CONNECT:[ UseTime:0.003730s ] mysql:host=127.0.0.1;dbname=erweima;charset=utf8
[ sql ] [ SQL ] SHOW COLUMNS FROM `wx_code` [ RunTime:0.031121s ]
[ sql ] [ SQL ] SELECT `mbstr` FROM `wx_code` WHERE  `codeid` = '2019041192561325442' LIMIT 1 [ RunTime:0.001073s ]
---------------------------------------------------------------
[2019-04-11T22:52:37+08:00] 127.0.0.1 GET zerg.com/checkstr/aaa1122/20190411925613254423
[运行时间：0.171209s] [吞吐率：5.84req/s] [内存消耗：2,962.09kb] [文件加载：74]
[ info ] [ LANG ] D:\PHP\phpstudy\PHPTutorial\WWW\Zerg\thinkphp\lang\zh-cn.php
[ info ] [ ROUTE ] array (
  'rule' => 'checkstr/<openid>/<codeid>',
  'route' => 'api/Scan/checkStr',
  'option' => 
  array (
    'merge_rule_regex' => false,
  ),
  'var' => 
  array (
    'openid' => 'aaa1122',
    'codeid' => '20190411925613254423',
  ),
)
[ info ] [ HEADER ] array (
  'connection' => 'close',
  'accept-encoding' => 'gzip, deflate',
  'cookie' => 'PHPSESSID=fvvr9dferc89s15rnhv3tj8jqq',
  'host' => 'zerg.com',
  'accept' => '*/*',
  'user-agent' => 'PostmanRuntime/7.6.1',
  'postman-token' => 'ba82dd68-59ef-488c-83aa-85b5d9e2740c',
  'cache-control' => 'no-cache',
)
[ info ] [ PARAM ] array (
  '/checkstr/aaa1122/20190411925613254423' => '',
  'openid' => 'aaa1122',
  'codeid' => '20190411925613254423',
)
[ info ] [ DB ] INIT mysql
[ sql ] [ DB ] CONNECT:[ UseTime:0.001772s ] mysql:host=127.0.0.1;dbname=erweima;charset=utf8
[ sql ] [ SQL ] SHOW COLUMNS FROM `wx_code` [ RunTime:0.044122s ]
[ sql ] [ SQL ] SELECT `mbstr` FROM `wx_code` WHERE  `codeid` = '20190411925613254423' LIMIT 1 [ RunTime:0.000630s ]
[ sql ] [ SQL ] SELECT * FROM `wx_code` WHERE  `codeid` = '20190411925613254423' LIMIT 1 [ RunTime:0.000646s ]
[ sql ] [ SQL ] SHOW COLUMNS FROM `wx_scan` [ RunTime:0.023356s ]
[ sql ] [ SQL ] SELECT * FROM `wx_scan` WHERE  `openid` = 'aaa1122'  AND `codeid` = '20190411925613254423' LIMIT 1 [ RunTime:0.001176s ]
[ sql ] [ SQL ] UPDATE `wx_code`  SET `time` = `time` + 1  WHERE  `codeid` = '20190411925613254423' [ RunTime:0.004608s ]
[ sql ] [ SQL ] INSERT INTO `wx_scan` (`openid` , `codeid` , `scandate`) VALUES ('aaa1122' , '20190411925613254423' , 1554994357) [ RunTime:0.000577s ]
---------------------------------------------------------------
[2019-04-11T22:59:56+08:00] 127.0.0.1 GET zerg.com/checkstr/aaa1122/20190411925613254423
[运行时间：0.679884s] [吞吐率：1.47req/s] [内存消耗：2,961.78kb] [文件加载：74]
[ info ] [ LANG ] D:\PHP\phpstudy\PHPTutorial\WWW\Zerg\thinkphp\lang\zh-cn.php
[ info ] [ ROUTE ] array (
  'rule' => 'checkstr/<openid>/<codeid>',
  'route' => 'api/Scan/checkStr',
  'option' => 
  array (
    'merge_rule_regex' => false,
  ),
  'var' => 
  array (
    'openid' => 'aaa1122',
    'codeid' => '20190411925613254423',
  ),
)
[ info ] [ HEADER ] array (
  'connection' => 'close',
  'accept-encoding' => 'gzip, deflate',
  'cookie' => 'PHPSESSID=fvvr9dferc89s15rnhv3tj8jqq',
  'host' => 'zerg.com',
  'accept' => '*/*',
  'user-agent' => 'PostmanRuntime/7.6.1',
  'postman-token' => 'f467f99c-2c23-4831-9139-c7471f5667a4',
  'cache-control' => 'no-cache',
)
[ info ] [ PARAM ] array (
  '/checkstr/aaa1122/20190411925613254423' => '',
  'openid' => 'aaa1122',
  'codeid' => '20190411925613254423',
)
[ info ] [ DB ] INIT mysql
[ sql ] [ DB ] CONNECT:[ UseTime:0.011826s ] mysql:host=127.0.0.1;dbname=erweima;charset=utf8
[ sql ] [ SQL ] SHOW COLUMNS FROM `wx_code` [ RunTime:0.103707s ]
[ sql ] [ SQL ] SELECT `mbstr` FROM `wx_code` WHERE  `codeid` = '20190411925613254423' LIMIT 1 [ RunTime:0.002743s ]
[ sql ] [ SQL ] SELECT * FROM `wx_code` WHERE  `codeid` = '20190411925613254423' LIMIT 1 [ RunTime:0.002871s ]
[ sql ] [ SQL ] SHOW COLUMNS FROM `wx_scan` [ RunTime:0.105087s ]
[ sql ] [ SQL ] SELECT * FROM `wx_scan` WHERE  `openid` = 'aaa1122'  AND `codeid` = '20190411925613254423' LIMIT 1 [ RunTime:0.003423s ]
[ sql ] [ SQL ] INSERT INTO `wx_scan` (`openid` , `codeid` , `scandate`) VALUES ('aaa1122' , '20190411925613254423' , 1554994796) [ RunTime:0.003781s ]
