---------------------------------------------------------------
[2019-04-12T14:12:23+08:00] ::1 GET localhost/zerg/public/
[运行时间：0.137685s] [吞吐率：7.26req/s] [内存消耗：1,717.81kb] [文件加载：61]
[ info ] [ LANG ] D:\PHP\phpstudy\PHPTutorial\WWW\Zerg\thinkphp\lang\zh-cn.php
[ info ] [ ROUTE ] array (
)
[ info ] [ HEADER ] array (
  'cookie' => 'Phpstorm-51917806=394931a5-db8f-4adb-8c93-96589eac8b83; pgv_pvi=5271188480',
  'accept-language' => 'zh-CN,zh;q=0.9',
  'accept-encoding' => 'gzip, deflate, br',
  'accept' => 'text/html,application/xhtml+xml,application/xml;q=0.9,image/webp,image/apng,*/*;q=0.8',
  'user-agent' => 'Mozilla/5.0 (Windows NT 10.0; WOW64) AppleWebKit/537.36 (KHTML, like Gecko) Chrome/72.0.3626.121 Safari/537.36',
  'upgrade-insecure-requests' => '1',
  'connection' => 'close',
  'host' => 'localhost',
)
[ info ] [ PARAM ] array (
)
---------------------------------------------------------------
[2019-04-12T14:12:46+08:00] ::1 GET localhost/zerg/public/api/getcode
[运行时间：0.095083s] [吞吐率：10.52req/s] [内存消耗：1,215.32kb] [文件加载：50]
[ info ] [ LANG ] D:\PHP\phpstudy\PHPTutorial\WWW\Zerg\thinkphp\lang\zh-cn.php
---------------------------------------------------------------
[2019-04-12T14:12:52+08:00] ::1 GET localhost/zerg/public/api
[运行时间：0.089440s] [吞吐率：11.18req/s] [内存消耗：1,215.07kb] [文件加载：50]
[ info ] [ LANG ] D:\PHP\phpstudy\PHPTutorial\WWW\Zerg\thinkphp\lang\zh-cn.php
---------------------------------------------------------------
[2019-04-12T14:13:03+08:00] ::1 GET localhost/zerg/public/
[运行时间：0.094942s] [吞吐率：10.53req/s] [内存消耗：1,717.80kb] [文件加载：61]
[ info ] [ LANG ] D:\PHP\phpstudy\PHPTutorial\WWW\Zerg\thinkphp\lang\zh-cn.php
[ info ] [ ROUTE ] array (
)
[ info ] [ HEADER ] array (
  'cookie' => 'Phpstorm-51917806=394931a5-db8f-4adb-8c93-96589eac8b83; pgv_pvi=5271188480',
  'accept-language' => 'zh-CN,zh;q=0.9',
  'accept-encoding' => 'gzip, deflate, br',
  'accept' => 'text/html,application/xhtml+xml,application/xml;q=0.9,image/webp,image/apng,*/*;q=0.8',
  'user-agent' => 'Mozilla/5.0 (Windows NT 10.0; WOW64) AppleWebKit/537.36 (KHTML, like Gecko) Chrome/72.0.3626.121 Safari/537.36',
  'upgrade-insecure-requests' => '1',
  'connection' => 'close',
  'host' => 'localhost',
)
[ info ] [ PARAM ] array (
)
---------------------------------------------------------------
[2019-04-12T14:13:55+08:00] ::1 GET localhost/zerg/public/
[运行时间：0.075397s] [吞吐率：13.26req/s] [内存消耗：1,718.02kb] [文件加载：61]
[ info ] [ LANG ] D:\PHP\phpstudy\PHPTutorial\WWW\Zerg\thinkphp\lang\zh-cn.php
[ info ] [ ROUTE ] array (
)
[ info ] [ HEADER ] array (
  'cookie' => 'Phpstorm-51917806=394931a5-db8f-4adb-8c93-96589eac8b83; pgv_pvi=5271188480',
  'accept-language' => 'zh-CN,zh;q=0.9',
  'accept-encoding' => 'gzip, deflate, br',
  'accept' => 'text/html,application/xhtml+xml,application/xml;q=0.9,image/webp,image/apng,*/*;q=0.8',
  'user-agent' => 'Mozilla/5.0 (Windows NT 10.0; WOW64) AppleWebKit/537.36 (KHTML, like Gecko) Chrome/72.0.3626.121 Safari/537.36',
  'upgrade-insecure-requests' => '1',
  'cache-control' => 'max-age=0',
  'connection' => 'close',
  'host' => 'localhost',
)
[ info ] [ PARAM ] array (
)
---------------------------------------------------------------
[2019-04-12T14:14:09+08:00] ::1 GET localhost/zerg/public/api
[运行时间：0.070361s] [吞吐率：14.21req/s] [内存消耗：1,215.05kb] [文件加载：50]
[ info ] [ LANG ] D:\PHP\phpstudy\PHPTutorial\WWW\Zerg\thinkphp\lang\zh-cn.php
---------------------------------------------------------------
[2019-04-12T14:14:34+08:00] ::1 GET localhost/zerg/public/
[运行时间：0.074110s] [吞吐率：13.49req/s] [内存消耗：1,214.99kb] [文件加载：50]
[ info ] [ LANG ] D:\PHP\phpstudy\PHPTutorial\WWW\Zerg\thinkphp\lang\zh-cn.php
---------------------------------------------------------------
[2019-04-12T14:18:13+08:00] ::1 GET localhost/zerg/public/
[运行时间：0.092006s] [吞吐率：10.87req/s] [内存消耗：1,718.09kb] [文件加载：61]
[ info ] [ LANG ] D:\PHP\phpstudy\PHPTutorial\WWW\Zerg\thinkphp\lang\zh-cn.php
[ info ] [ ROUTE ] array (
)
[ info ] [ HEADER ] array (
  'cookie' => 'Phpstorm-51917806=394931a5-db8f-4adb-8c93-96589eac8b83; pgv_pvi=5271188480',
  'accept-language' => 'zh-CN,zh;q=0.9',
  'accept-encoding' => 'gzip, deflate, br',
  'accept' => 'text/html,application/xhtml+xml,application/xml;q=0.9,image/webp,image/apng,*/*;q=0.8',
  'user-agent' => 'Mozilla/5.0 (Windows NT 10.0; WOW64) AppleWebKit/537.36 (KHTML, like Gecko) Chrome/72.0.3626.121 Safari/537.36',
  'upgrade-insecure-requests' => '1',
  'cache-control' => 'max-age=0',
  'connection' => 'close',
  'host' => 'localhost',
)
[ info ] [ PARAM ] array (
)
---------------------------------------------------------------
[2019-04-12T14:18:25+08:00] ::1 GET localhost/zerg/public/code
[运行时间：0.087956s] [吞吐率：11.37req/s] [内存消耗：1,718.45kb] [文件加载：61]
[ info ] [ LANG ] D:\PHP\phpstudy\PHPTutorial\WWW\Zerg\thinkphp\lang\zh-cn.php
[ info ] [ ROUTE ] array (
)
[ info ] [ HEADER ] array (
  'cookie' => 'Phpstorm-51917806=394931a5-db8f-4adb-8c93-96589eac8b83; pgv_pvi=5271188480',
  'accept-language' => 'zh-CN,zh;q=0.9',
  'accept-encoding' => 'gzip, deflate, br',
  'accept' => 'text/html,application/xhtml+xml,application/xml;q=0.9,image/webp,image/apng,*/*;q=0.8',
  'user-agent' => 'Mozilla/5.0 (Windows NT 10.0; WOW64) AppleWebKit/537.36 (KHTML, like Gecko) Chrome/72.0.3626.121 Safari/537.36',
  'upgrade-insecure-requests' => '1',
  'connection' => 'close',
  'host' => 'localhost',
)
[ info ] [ PARAM ] array (
  '/code' => '',
  0 => 'code',
)
---------------------------------------------------------------
[2019-04-12T14:18:34+08:00] ::1 GET localhost/zerg/public/code/getcode
[运行时间：0.107926s] [吞吐率：9.27req/s] [内存消耗：1,718.53kb] [文件加载：61]
[ info ] [ LANG ] D:\PHP\phpstudy\PHPTutorial\WWW\Zerg\thinkphp\lang\zh-cn.php
[ info ] [ ROUTE ] array (
)
[ info ] [ HEADER ] array (
  'cookie' => 'Phpstorm-51917806=394931a5-db8f-4adb-8c93-96589eac8b83; pgv_pvi=5271188480',
  'accept-language' => 'zh-CN,zh;q=0.9',
  'accept-encoding' => 'gzip, deflate, br',
  'accept' => 'text/html,application/xhtml+xml,application/xml;q=0.9,image/webp,image/apng,*/*;q=0.8',
  'user-agent' => 'Mozilla/5.0 (Windows NT 10.0; WOW64) AppleWebKit/537.36 (KHTML, like Gecko) Chrome/72.0.3626.121 Safari/537.36',
  'upgrade-insecure-requests' => '1',
  'connection' => 'close',
  'host' => 'localhost',
)
[ info ] [ PARAM ] array (
  '/code/getcode' => '',
  0 => 'code',
  1 => 'getcode',
)
---------------------------------------------------------------
[2019-04-12T14:19:15+08:00] ::1 GET localhost/zerg/public/
[运行时间：0.142750s] [吞吐率：7.01req/s] [内存消耗：1,765.34kb] [文件加载：63]
[ info ] [ LANG ] D:\PHP\phpstudy\PHPTutorial\WWW\Zerg\thinkphp\lang\zh-cn.php
[ info ] [ ROUTE ] array (
)
[ info ] [ HEADER ] array (
  'cookie' => 'Phpstorm-51917806=394931a5-db8f-4adb-8c93-96589eac8b83; pgv_pvi=5271188480',
  'accept-language' => 'zh-CN,zh;q=0.9',
  'accept-encoding' => 'gzip, deflate, br',
  'accept' => 'text/html,application/xhtml+xml,application/xml;q=0.9,image/webp,image/apng,*/*;q=0.8',
  'user-agent' => 'Mozilla/5.0 (Windows NT 10.0; WOW64) AppleWebKit/537.36 (KHTML, like Gecko) Chrome/72.0.3626.121 Safari/537.36',
  'upgrade-insecure-requests' => '1',
  'purpose' => 'prefetch',
  'connection' => 'close',
  'host' => 'localhost',
)
[ info ] [ PARAM ] array (
)
---------------------------------------------------------------
[2019-04-12T14:19:31+08:00] ::1 GET localhost/zerg/public/getcode
[运行时间：0.089715s] [吞吐率：11.15req/s] [内存消耗：1,765.73kb] [文件加载：63]
[ info ] [ LANG ] D:\PHP\phpstudy\PHPTutorial\WWW\Zerg\thinkphp\lang\zh-cn.php
[ info ] [ ROUTE ] array (
)
[ info ] [ HEADER ] array (
  'cookie' => 'Phpstorm-51917806=394931a5-db8f-4adb-8c93-96589eac8b83; pgv_pvi=5271188480',
  'accept-language' => 'zh-CN,zh;q=0.9',
  'accept-encoding' => 'gzip, deflate, br',
  'accept' => 'text/html,application/xhtml+xml,application/xml;q=0.9,image/webp,image/apng,*/*;q=0.8',
  'user-agent' => 'Mozilla/5.0 (Windows NT 10.0; WOW64) AppleWebKit/537.36 (KHTML, like Gecko) Chrome/72.0.3626.121 Safari/537.36',
  'upgrade-insecure-requests' => '1',
  'connection' => 'close',
  'host' => 'localhost',
)
[ info ] [ PARAM ] array (
  '/getcode' => '',
  0 => 'public',
  1 => 'getcode',
)
---------------------------------------------------------------
[2019-04-12T14:37:38+08:00] 127.0.0.1 GET zerg.com/code/createurl
[运行时间：0.157705s] [吞吐率：6.34req/s] [内存消耗：1,712.85kb] [文件加载：61]
[ info ] [ LANG ] D:\PHP\phpstudy\PHPTutorial\WWW\Zerg\thinkphp\lang\zh-cn.php
[ info ] [ BIND ] 'api'
[ info ] [ ROUTE ] array (
)
[ info ] [ HEADER ] array (
  'cookie' => 'pgv_pvi=4240824320',
  'accept-language' => 'zh-CN,zh;q=0.9',
  'accept-encoding' => 'gzip, deflate',
  'accept' => 'text/html,application/xhtml+xml,application/xml;q=0.9,image/webp,image/apng,*/*;q=0.8',
  'user-agent' => 'Mozilla/5.0 (Windows NT 10.0; WOW64) AppleWebKit/537.36 (KHTML, like Gecko) Chrome/72.0.3626.121 Safari/537.36',
  'upgrade-insecure-requests' => '1',
  'connection' => 'close',
  'host' => 'zerg.com',
)
[ info ] [ PARAM ] array (
  '/code/createurl' => '',
)
---------------------------------------------------------------
[2019-04-12T14:38:15+08:00] 127.0.0.1 GET zerg.com/code/createurl
[运行时间：0.061164s] [吞吐率：16.35req/s] [内存消耗：1,713.23kb] [文件加载：61]
[ info ] [ LANG ] D:\PHP\phpstudy\PHPTutorial\WWW\Zerg\thinkphp\lang\zh-cn.php
[ info ] [ BIND ] 'api'
[ info ] [ ROUTE ] array (
)
[ info ] [ HEADER ] array (
  'cookie' => 'pgv_pvi=4240824320',
  'accept-language' => 'zh-CN,zh;q=0.9',
  'accept-encoding' => 'gzip, deflate',
  'accept' => 'text/html,application/xhtml+xml,application/xml;q=0.9,image/webp,image/apng,*/*;q=0.8',
  'user-agent' => 'Mozilla/5.0 (Windows NT 10.0; WOW64) AppleWebKit/537.36 (KHTML, like Gecko) Chrome/72.0.3626.121 Safari/537.36',
  'upgrade-insecure-requests' => '1',
  'cache-control' => 'max-age=0',
  'connection' => 'close',
  'host' => 'zerg.com',
)
[ info ] [ PARAM ] array (
  '/code/createurl' => '',
)
---------------------------------------------------------------
[2019-04-12T14:49:49+08:00] 127.0.0.1 GET zerg.com/getcode
[运行时间：1.478965s] [吞吐率：0.68req/s] [内存消耗：3,615.01kb] [文件加载：93]
[ info ] [ LANG ] D:\PHP\phpstudy\PHPTutorial\WWW\Zerg\thinkphp\lang\zh-cn.php
[ info ] [ BIND ] 'api'
[ info ] [ ROUTE ] array (
  'rule' => 'getcode',
  'route' => 'api/Code/getCode',
  'option' => 
  array (
    'merge_rule_regex' => false,
  ),
  'var' => 
  array (
  ),
)
[ info ] [ HEADER ] array (
  'cookie' => 'pgv_pvi=4240824320',
  'accept-language' => 'zh-CN,zh;q=0.9',
  'accept-encoding' => 'gzip, deflate',
  'accept' => 'text/html,application/xhtml+xml,application/xml;q=0.9,image/webp,image/apng,*/*;q=0.8',
  'user-agent' => 'Mozilla/5.0 (Windows NT 10.0; WOW64) AppleWebKit/537.36 (KHTML, like Gecko) Chrome/72.0.3626.121 Safari/537.36',
  'upgrade-insecure-requests' => '1',
  'connection' => 'close',
  'host' => 'zerg.com',
)
[ info ] [ PARAM ] array (
  '/getcode' => '',
)
[ info ] [ DB ] INIT mysql
[ info ] [ VIEW ] D:\PHP\phpstudy\PHPTutorial\WWW\Zerg\application\api\view\code\qrcode.html [ array (
  0 => 'filename',
) ]
[ sql ] [ DB ] CONNECT:[ UseTime:0.035783s ] mysql:host=127.0.0.1;dbname=erweima;charset=utf8
[ sql ] [ SQL ] SHOW COLUMNS FROM `wx_code` [ RunTime:0.055235s ]
[ sql ] [ SQL ] INSERT INTO `wx_code` (`codeid` , `src` , `mbstr`) VALUES ('20190412517874385623' , 'http://zerg.com/qrcode/NickBb146966a9993aa79f3621d6e2e9bab8e1.png' , 'a5d0b7e85b7c4bf232d16043fcaad493') [ RunTime:0.009236s ]
---------------------------------------------------------------
[2019-04-12T16:04:07+08:00] 127.0.0.1 GET zerg.com/getcode
[运行时间：1.819413s] [吞吐率：0.55req/s] [内存消耗：3,482.24kb] [文件加载：91]
[ info ] [ LANG ] D:\PHP\phpstudy\PHPTutorial\WWW\Zerg\thinkphp\lang\zh-cn.php
[ info ] [ BIND ] 'api'
[ info ] [ ROUTE ] array (
  'rule' => 'getcode',
  'route' => 'api/Code/getCode',
  'option' => 
  array (
    'merge_rule_regex' => false,
  ),
  'var' => 
  array (
  ),
)
[ info ] [ HEADER ] array (
  'cookie' => 'pgv_pvi=4240824320',
  'accept-language' => 'zh-CN,zh;q=0.9',
  'accept-encoding' => 'gzip, deflate',
  'accept' => 'text/html,application/xhtml+xml,application/xml;q=0.9,image/webp,image/apng,*/*;q=0.8',
  'user-agent' => 'Mozilla/5.0 (Windows NT 10.0; WOW64) AppleWebKit/537.36 (KHTML, like Gecko) Chrome/72.0.3626.121 Safari/537.36',
  'upgrade-insecure-requests' => '1',
  'connection' => 'close',
  'host' => 'zerg.com',
)
[ info ] [ PARAM ] array (
  '/getcode' => '',
)
[ info ] [ DB ] INIT mysql
[ info ] [ VIEW ] D:\PHP\phpstudy\PHPTutorial\WWW\Zerg\application\api\view\code\qrcode.html [ array (
  0 => 'filename',
) ]
[ sql ] [ DB ] CONNECT:[ UseTime:0.014425s ] mysql:host=127.0.0.1;dbname=erweima;charset=utf8
[ sql ] [ SQL ] SHOW COLUMNS FROM `wx_code` [ RunTime:0.051051s ]
[ sql ] [ SQL ] INSERT INTO `wx_code` (`codeid` , `src` , `mbstr`) VALUES ('20190412562454763038' , 'http://zerg.com/qrcode/NickBb14b97ff66fa90b3aa9fc53a8ea0e8107.png' , '4288f4828fb31b5105bb406fd52a4837') [ RunTime:0.009656s ]
---------------------------------------------------------------
[2019-04-12T16:05:59+08:00] 127.0.0.1 GET zerg.com/getcode
[运行时间：1.251672s] [吞吐率：0.80req/s] [内存消耗：3,482.76kb] [文件加载：91]
[ info ] [ LANG ] D:\PHP\phpstudy\PHPTutorial\WWW\Zerg\thinkphp\lang\zh-cn.php
[ info ] [ BIND ] 'api'
[ info ] [ ROUTE ] array (
  'rule' => 'getcode',
  'route' => 'api/Code/getCode',
  'option' => 
  array (
    'merge_rule_regex' => false,
  ),
  'var' => 
  array (
  ),
)
[ info ] [ HEADER ] array (
  'cookie' => 'pgv_pvi=4240824320',
  'accept-language' => 'zh-CN,zh;q=0.9',
  'accept-encoding' => 'gzip, deflate',
  'accept' => 'text/html,application/xhtml+xml,application/xml;q=0.9,image/webp,image/apng,*/*;q=0.8',
  'user-agent' => 'Mozilla/5.0 (Windows NT 10.0; WOW64) AppleWebKit/537.36 (KHTML, like Gecko) Chrome/72.0.3626.121 Safari/537.36',
  'upgrade-insecure-requests' => '1',
  'cache-control' => 'max-age=0',
  'connection' => 'close',
  'host' => 'zerg.com',
)
[ info ] [ PARAM ] array (
  '/getcode' => '',
)
[ info ] [ DB ] INIT mysql
[ info ] [ VIEW ] D:\PHP\phpstudy\PHPTutorial\WWW\Zerg\application\api\view\code\qrcode.html [ array (
  0 => 'filename',
) ]
[ sql ] [ DB ] CONNECT:[ UseTime:0.011094s ] mysql:host=127.0.0.1;dbname=erweima;charset=utf8
[ sql ] [ SQL ] SHOW COLUMNS FROM `wx_code` [ RunTime:0.026817s ]
[ sql ] [ SQL ] INSERT INTO `wx_code` (`codeid` , `src` , `mbstr`) VALUES ('20190412563572719127' , 'http://zerg.com/qrcode/NickBb5b4213610cb10b707b630a52f59f7456.png' , 'ce5001cd520b497a167f86b37415c813') [ RunTime:0.000832s ]
